[0m11:00:20.197963 [debug] [MainThread]: Sending event: {'category': 'dbt', 'action': 'invocation', 'label': 'start', 'context': [<snowplow_tracker.self_describing_json.SelfDescribingJson object at 0x0000027CB76A2A50>, <snowplow_tracker.self_describing_json.SelfDescribingJson object at 0x0000027CB55247D0>, <snowplow_tracker.self_describing_json.SelfDescribingJson object at 0x0000027CB88407D0>]}


============================== 11:00:20.205871 | f31ef925-80c9-4a4b-9527-58c81cb09443 ==============================
[0m11:00:20.205871 [info ] [MainThread]: Running with dbt=1.10.6
[0m11:00:20.206580 [debug] [MainThread]: running dbt with arguments {'printer_width': '80', 'indirect_selection': 'eager', 'write_json': 'True', 'log_cache_events': 'False', 'partial_parse': 'True', 'cache_selected_only': 'False', 'profiles_dir': 'C:\\Users\\lnike\\.dbt', 'debug': 'False', 'warn_error': 'None', 'log_path': 'logs', 'version_check': 'True', 'fail_fast': 'False', 'use_colors': 'True', 'use_experimental_parser': 'False', 'no_print': 'None', 'quiet': 'False', 'empty': 'None', 'log_format': 'default', 'invocation_command': 'dbt init', 'introspect': 'True', 'static_parser': 'True', 'target_path': 'None', 'warn_error_options': 'WarnErrorOptionsV2(error=[], warn=[], silence=[])', 'send_anonymous_usage_stats': 'True'}
[0m11:00:20.241997 [info ] [MainThread]: Creating dbt configuration folder at C:\Users\lnike\.dbt
[0m11:00:52.646498 [debug] [MainThread]: Starter project path: C:\Users\lnike\AppData\Roaming\Python\Python313\site-packages\dbt\include\starter_project
[0m11:00:52.696138 [info ] [MainThread]: 
Your new dbt project "dados" was created!

For more information on how to configure the profiles.yml file,
please consult the dbt documentation here:

  https://docs.getdbt.com/docs/configure-your-profile

One more thing:

Need help? Don't hesitate to reach out to us via GitHub issues or on Slack:

  https://community.getdbt.com/

Happy modeling!

[0m11:00:52.697129 [info ] [MainThread]: Setting up your profile.
[0m11:04:58.005179 [info ] [MainThread]: Profile dados written to C:\Users\lnike\.dbt\profiles.yml using target's profile_template.yml and your supplied values. Run 'dbt debug' to validate the connection.
[0m11:04:58.023448 [debug] [MainThread]: Command `dbt init` succeeded at 11:04:58.021488 after 277.98 seconds
[0m11:04:58.033085 [debug] [MainThread]: Sending event: {'category': 'dbt', 'action': 'invocation', 'label': 'end', 'context': [<snowplow_tracker.self_describing_json.SelfDescribingJson object at 0x0000027CB9A01940>, <snowplow_tracker.self_describing_json.SelfDescribingJson object at 0x0000027CB88EE7B0>, <snowplow_tracker.self_describing_json.SelfDescribingJson object at 0x0000027CB869F460>]}
[0m11:04:58.038171 [debug] [MainThread]: Flushing usage events
[0m11:04:59.290652 [debug] [MainThread]: An error was encountered while trying to flush usage events
